0 info it worked if it ends with ok
1 verbose cli [ '/usr/local/bin/node', '/usr/local/bin/npm', 'run', 'commit' ]
2 info using npm@4.0.3
3 info using node@v6.9.1
4 verbose run-script [ 'precommit', 'commit', 'postcommit' ]
5 info lifecycle microservice-seed@0.0.0-semantically-released~precommit: microservice-seed@0.0.0-semantically-released
6 silly lifecycle microservice-seed@0.0.0-semantically-released~precommit: no script for precommit, continuing
7 info lifecycle microservice-seed@0.0.0-semantically-released~commit: microservice-seed@0.0.0-semantically-released
8 verbose lifecycle microservice-seed@0.0.0-semantically-released~commit: unsafe-perm in lifecycle true
9 verbose lifecycle microservice-seed@0.0.0-semantically-released~commit: PATH: /usr/local/lib/node_modules/npm/bin/node-gyp-bin:/Users/Parrunset/Leafing/Node/microservice-seed/node_modules/.bin:/opt/local/bin:/opt/local/sbin:/Library/Frameworks/Python.framework/Versions/3.5/bin:~/Library/Android/sdk/tools:~/Library/Android/sdk/platform-tools:/usr/local/bin:/usr/bin:/bin:/usr/sbin:/sbin:/Library/Frameworks/Mono.framework/Versions/Current/Commands
10 verbose lifecycle microservice-seed@0.0.0-semantically-released~commit: CWD: /Users/Parrunset/Leafing/Node/microservice-seed
11 silly lifecycle microservice-seed@0.0.0-semantically-released~commit: Args: [ '-c', 'git-cz' ]
12 silly lifecycle microservice-seed@0.0.0-semantically-released~commit: Returned: code: 1  signal: null
13 info lifecycle microservice-seed@0.0.0-semantically-released~commit: Failed to exec commit script
14 verbose stack Error: microservice-seed@0.0.0-semantically-released commit: `git-cz`
14 verbose stack Exit status 1
14 verbose stack     at EventEmitter.<anonymous> (/usr/local/lib/node_modules/npm/lib/utils/lifecycle.js:279:16)
14 verbose stack     at emitTwo (events.js:106:13)
14 verbose stack     at EventEmitter.emit (events.js:191:7)
14 verbose stack     at ChildProcess.<anonymous> (/usr/local/lib/node_modules/npm/lib/utils/spawn.js:40:14)
14 verbose stack     at emitTwo (events.js:106:13)
14 verbose stack     at ChildProcess.emit (events.js:191:7)
14 verbose stack     at maybeClose (internal/child_process.js:877:16)
14 verbose stack     at Process.ChildProcess._handle.onexit (internal/child_process.js:226:5)
15 verbose pkgid microservice-seed@0.0.0-semantically-released
16 verbose cwd /Users/Parrunset/Leafing/Node/microservice-seed
17 error Darwin 15.6.0
18 error argv "/usr/local/bin/node" "/usr/local/bin/npm" "run" "commit"
19 error node v6.9.1
20 error npm  v4.0.3
21 error code ELIFECYCLE
22 error microservice-seed@0.0.0-semantically-released commit: `git-cz`
22 error Exit status 1
23 error Failed at the microservice-seed@0.0.0-semantically-released commit script 'git-cz'.
23 error Make sure you have the latest version of node.js and npm installed.
23 error If you do, this is most likely a problem with the microservice-seed package,
23 error not with npm itself.
23 error Tell the author that this fails on your system:
23 error     git-cz
23 error You can get information on how to open an issue for this project with:
23 error     npm bugs microservice-seed
23 error Or if that isn't available, you can get their info via:
23 error     npm owner ls microservice-seed
23 error There is likely additional logging output above.
24 verbose exit [ 1, true ]
